<?xml version="1.0" encoding="UTF-8"?>
<testsuite xmlns:xsi="http://www.w3.org/2001/XMLSchema-instance" xsi:noNamespaceSchemaLocation="https://maven.apache.org/surefire/maven-surefire-plugin/xsd/surefire-test-report-3.0.xsd" version="3.0" name="com.webofpolitics.schema.integration.RelationshipValidationIntegrationTest$RelatedToRelationships" time="0.006" tests="1" errors="0" skipped="0" failures="0">
  <properties>
[...]
</properties>
  <testcase name="relatedToRelationshipWithSpouseTypeWorks" classname="com.webofpolitics.schema.integration.RelationshipValidationIntegrationTest$RelatedToRelationships" time="0.001">
    <system-out><![CDATA[2026-06-06T20:55:00.555+01:00  INFO 37824 --- [           main] t.c.s.AnnotationConfigContextLoaderUtils : Could not detect default configuration classes for test class [com.webofpolitics.schema.integration.RelationshipValidationIntegrationTest$RelatedToRelationships]: RelatedToRelationships does not declare any static, non-private, non-final, nested classes annotated with @Configuration.
2026-06-06T20:55:00.556+01:00  INFO 37824 --- [           main] .b.t.c.SpringBootTestContextBootstrapper : Found @SpringBootConfiguration com.webofpolitics.Story001Application for test class com.webofpolitics.schema.integration.RelationshipValidationIntegrationTest$RelatedToRelationships
]]></system-out>
  </testcase>
</testsuite>